Analysis & Synthesis report for pbl_cachorro_robotico
Fri Nov 01 20:36:28 2024
Quartus Prime Version 20.1.0 Build 711 06/05/2020 SJ Lite Edition


---------------------
; Table of Contents ;
---------------------
  1. Legal Notice
  2. Analysis & Synthesis Summary
  3. Analysis & Synthesis Settings
  4. Parallel Compilation
  5. Analysis & Synthesis Source Files Read
  6. Analysis & Synthesis Resource Usage Summary
  7. Analysis & Synthesis Resource Utilization by Entity
  8. General Register Statistics
  9. Port Connectivity Checks: "contador_3bits:contador3bits|flipflop_t:ff2"
 10. Port Connectivity Checks: "mux4_2:muxclk|mux2:mux4"
 11. Port Connectivity Checks: "mux4_2:muxclk"
 12. Port Connectivity Checks: "dividir_clks:dividir_clks|flipflop_t:ff_10"
 13. Port Connectivity Checks: "dividir_clks:dividir_clks|flipflop_t:ff_9"
 14. Port Connectivity Checks: "dividir_clks:dividir_clks|flipflop_t:ff_8"
 15. Port Connectivity Checks: "dividir_clks:dividir_clks|flipflop_t:ff_7"
 16. Port Connectivity Checks: "dividir_clks:dividir_clks|flipflop_t:ff_6"
 17. Port Connectivity Checks: "dividir_clks:dividir_clks|flipflop_t:ff_5"
 18. Port Connectivity Checks: "dividir_clks:dividir_clks|flipflop_t:ff_4"
 19. Port Connectivity Checks: "dividir_clks:dividir_clks|flipflop_t:ff_3"
 20. Port Connectivity Checks: "dividir_clks:dividir_clks|flipflop_t:ff_2"
 21. Port Connectivity Checks: "dividir_clks:dividir_clks|flipflop_t:ff_1"
 22. Port Connectivity Checks: "dividir_clks:dividir_clks|dividir_clk5:divisor5_1|flipflop_t:ff2"
 23. Port Connectivity Checks: "dividir_clks:dividir_clks|dividir_clk5:divisor5_1|flipflop_t:ff1"
 24. Port Connectivity Checks: "dividir_clks:dividir_clks|dividir_clk5:divisor5_1|flipflop_t:ff0"
 25. Analysis & Synthesis Messages



----------------
; Legal Notice ;
----------------
Copyright (C) 2020  Intel Corporation. All rights reserved.
Your use of Intel Corporation's design tools, logic functions 
and other software and tools, and any partner logic 
functions, and any output files from any of the foregoing 
(including device programming or simulation files), and any 
associated documentation or information are expressly subject 
to the terms and conditions of the Intel Program License 
Subscription Agreement, the Intel Quartus Prime License Agreement,
the Intel FPGA IP License Agreement, or other applicable license
agreement, including, without limitation, that your use is for
the sole purpose of programming logic devices manufactured by
Intel and sold by Intel or its authorized distributors.  Please
refer to the applicable agreement for further details, at
https://fpgasoftware.intel.com/eula.



+---------------------------------------------------------------------------+
; Analysis & Synthesis Summary                                              ;
+-----------------------------+---------------------------------------------+
; Analysis & Synthesis Status ; Successful - Fri Nov 01 20:36:28 2024       ;
; Quartus Prime Version       ; 20.1.0 Build 711 06/05/2020 SJ Lite Edition ;
; Revision Name               ; pbl_cachorro_robotico                       ;
; Top-level Entity Name       ; principal                                   ;
; Family                      ; MAX II                                      ;
; Total logic elements        ; 65                                          ;
; Total pins                  ; 17                                          ;
; Total virtual pins          ; 0                                           ;
; UFM blocks                  ; 0 / 1 ( 0 % )                               ;
+-----------------------------+---------------------------------------------+


+---------------------------------------------------------------------------------------------------------------+
; Analysis & Synthesis Settings                                                                                 ;
+------------------------------------------------------------------+--------------------+-----------------------+
; Option                                                           ; Setting            ; Default Value         ;
+------------------------------------------------------------------+--------------------+-----------------------+
; Device                                                           ; EPM240T100C5       ;                       ;
; Top-level entity name                                            ; principal          ; pbl_cachorro_robotico ;
; Family name                                                      ; MAX II             ; Cyclone V             ;
; Use smart compilation                                            ; Off                ; Off                   ;
; Enable parallel Assembler and Timing Analyzer during compilation ; On                 ; On                    ;
; Enable compact report table                                      ; Off                ; Off                   ;
; Restructure Multiplexers                                         ; Auto               ; Auto                  ;
; Create Debugging Nodes for IP Cores                              ; Off                ; Off                   ;
; Preserve fewer node names                                        ; On                 ; On                    ;
; Intel FPGA IP Evaluation Mode                                    ; Enable             ; Enable                ;
; Verilog Version                                                  ; Verilog_2001       ; Verilog_2001          ;
; VHDL Version                                                     ; VHDL_1993          ; VHDL_1993             ;
; State Machine Processing                                         ; Auto               ; Auto                  ;
; Safe State Machine                                               ; Off                ; Off                   ;
; Extract Verilog State Machines                                   ; On                 ; On                    ;
; Extract VHDL State Machines                                      ; On                 ; On                    ;
; Ignore Verilog initial constructs                                ; Off                ; Off                   ;
; Iteration limit for constant Verilog loops                       ; 5000               ; 5000                  ;
; Iteration limit for non-constant Verilog loops                   ; 250                ; 250                   ;
; Add Pass-Through Logic to Inferred RAMs                          ; On                 ; On                    ;
; Infer RAMs from Raw Logic                                        ; On                 ; On                    ;
; Parallel Synthesis                                               ; On                 ; On                    ;
; NOT Gate Push-Back                                               ; On                 ; On                    ;
; Power-Up Don't Care                                              ; On                 ; On                    ;
; Remove Redundant Logic Cells                                     ; Off                ; Off                   ;
; Remove Duplicate Registers                                       ; On                 ; On                    ;
; Ignore CARRY Buffers                                             ; Off                ; Off                   ;
; Ignore CASCADE Buffers                                           ; Off                ; Off                   ;
; Ignore GLOBAL Buffers                                            ; Off                ; Off                   ;
; Ignore ROW GLOBAL Buffers                                        ; Off                ; Off                   ;
; Ignore LCELL Buffers                                             ; Off                ; Off                   ;
; Ignore SOFT Buffers                                              ; On                 ; On                    ;
; Limit AHDL Integers to 32 Bits                                   ; Off                ; Off                   ;
; Optimization Technique                                           ; Balanced           ; Balanced              ;
; Carry Chain Length                                               ; 70                 ; 70                    ;
; Auto Carry Chains                                                ; On                 ; On                    ;
; Auto Open-Drain Pins                                             ; On                 ; On                    ;
; Perform WYSIWYG Primitive Resynthesis                            ; Off                ; Off                   ;
; Auto Shift Register Replacement                                  ; Auto               ; Auto                  ;
; Allow Shift Register Merging across Hierarchies                  ; Auto               ; Auto                  ;
; Auto Clock Enable Replacement                                    ; On                 ; On                    ;
; Allow Synchronous Control Signals                                ; On                 ; On                    ;
; Force Use of Synchronous Clear Signals                           ; Off                ; Off                   ;
; Auto Resource Sharing                                            ; Off                ; Off                   ;
; Use LogicLock Constraints during Resource Balancing              ; On                 ; On                    ;
; Ignore translate_off and synthesis_off directives                ; Off                ; Off                   ;
; Report Parameter Settings                                        ; On                 ; On                    ;
; Report Source Assignments                                        ; On                 ; On                    ;
; Report Connectivity Checks                                       ; On                 ; On                    ;
; Ignore Maximum Fan-Out Assignments                               ; Off                ; Off                   ;
; Synchronization Register Chain Length                            ; 2                  ; 2                     ;
; Power Optimization During Synthesis                              ; Normal compilation ; Normal compilation    ;
; HDL message level                                                ; Level2             ; Level2                ;
; Suppress Register Optimization Related Messages                  ; Off                ; Off                   ;
; Number of Removed Registers Reported in Synthesis Report         ; 5000               ; 5000                  ;
; Number of Swept Nodes Reported in Synthesis Report               ; 5000               ; 5000                  ;
; Number of Inverted Registers Reported in Synthesis Report        ; 100                ; 100                   ;
; Clock MUX Protection                                             ; On                 ; On                    ;
; Block Design Naming                                              ; Auto               ; Auto                  ;
; Synthesis Effort                                                 ; Auto               ; Auto                  ;
; Shift Register Replacement - Allow Asynchronous Clear Signal     ; On                 ; On                    ;
; Analysis & Synthesis Message Level                               ; Medium             ; Medium                ;
; Disable Register Merging Across Hierarchies                      ; Auto               ; Auto                  ;
+------------------------------------------------------------------+--------------------+-----------------------+


+------------------------------------------+
; Parallel Compilation                     ;
+----------------------------+-------------+
; Processors                 ; Number      ;
+----------------------------+-------------+
; Number detected on machine ; 24          ;
; Maximum allowed            ; 12          ;
;                            ;             ;
; Average used               ; 1.00        ;
; Maximum used               ; 1           ;
;                            ;             ;
; Usage by Processor         ; % Time Used ;
;     Processor 1            ; 100.0%      ;
+----------------------------+-------------+


+--------------------------------------------------------------------------------------------------------------------------------------------------------------------------------------------------------------------------+
; Analysis & Synthesis Source Files Read                                                                                                                                                                                   ;
+----------------------------------------+-----------------+------------------------+----------------------------------------------------------------------------------------------------------------------------+---------+
; File Name with User-Entered Path       ; Used in Netlist ; File Type              ; File Name with Absolute Path                                                                                               ; Library ;
+----------------------------------------+-----------------+------------------------+----------------------------------------------------------------------------------------------------------------------------+---------+
; ../codigos/dividir_clks.v              ; yes             ; User Verilog HDL File  ; C:/Users/Antonio/OneDrive/Documentos/universidade/PBL/hardware/CD/pblfinal/cachorro5.0/codigos/dividir_clks.v              ;         ;
; ../codigos/sete_segmentos_passo.v      ; yes             ; User Verilog HDL File  ; C:/Users/Antonio/OneDrive/Documentos/universidade/PBL/hardware/CD/pblfinal/cachorro5.0/codigos/sete_segmentos_passo.v      ;         ;
; ../codigos/mux4_2.v                    ; yes             ; User Verilog HDL File  ; C:/Users/Antonio/OneDrive/Documentos/universidade/PBL/hardware/CD/pblfinal/cachorro5.0/codigos/mux4_2.v                    ;         ;
; ../codigos/mux2.v                      ; yes             ; User Verilog HDL File  ; C:/Users/Antonio/OneDrive/Documentos/universidade/PBL/hardware/CD/pblfinal/cachorro5.0/codigos/mux2.v                      ;         ;
; ../codigos/dividir_clk5.v              ; yes             ; User Verilog HDL File  ; C:/Users/Antonio/OneDrive/Documentos/universidade/PBL/hardware/CD/pblfinal/cachorro5.0/codigos/dividir_clk5.v              ;         ;
; ../codigos/sete_segmentos_velocidade.v ; yes             ; User Verilog HDL File  ; C:/Users/Antonio/OneDrive/Documentos/universidade/PBL/hardware/CD/pblfinal/cachorro5.0/codigos/sete_segmentos_velocidade.v ;         ;
; ../codigos/alternar_7segmentos.v       ; yes             ; User Verilog HDL File  ; C:/Users/Antonio/OneDrive/Documentos/universidade/PBL/hardware/CD/pblfinal/cachorro5.0/codigos/alternar_7segmentos.v       ;         ;
; ../codigos/flipflop_t.v                ; yes             ; User Verilog HDL File  ; C:/Users/Antonio/OneDrive/Documentos/universidade/PBL/hardware/CD/pblfinal/cachorro5.0/codigos/flipflop_t.v                ;         ;
; ../codigos/principal.v                 ; yes             ; User Verilog HDL File  ; C:/Users/Antonio/OneDrive/Documentos/universidade/PBL/hardware/CD/pblfinal/cachorro5.0/codigos/principal.v                 ;         ;
; ../codigos/contador_3bits.v            ; yes             ; User Verilog HDL File  ; C:/Users/Antonio/OneDrive/Documentos/universidade/PBL/hardware/CD/pblfinal/cachorro5.0/codigos/contador_3bits.v            ;         ;
+----------------------------------------+-----------------+------------------------+----------------------------------------------------------------------------------------------------------------------------+---------+


+-------------------------------------------------------------------------------------------+
; Analysis & Synthesis Resource Usage Summary                                               ;
+---------------------------------------------+---------------------------------------------+
; Resource                                    ; Usage                                       ;
+---------------------------------------------+---------------------------------------------+
; Total logic elements                        ; 65                                          ;
;     -- Combinational with no register       ; 28                                          ;
;     -- Register only                        ; 0                                           ;
;     -- Combinational with a register        ; 37                                          ;
;                                             ;                                             ;
; Logic element usage by number of LUT inputs ;                                             ;
;     -- 4 input functions                    ; 8                                           ;
;     -- 3 input functions                    ; 14                                          ;
;     -- 2 input functions                    ; 6                                           ;
;     -- 1 input functions                    ; 37                                          ;
;     -- 0 input functions                    ; 0                                           ;
;                                             ;                                             ;
; Logic elements by mode                      ;                                             ;
;     -- normal mode                          ; 65                                          ;
;     -- arithmetic mode                      ; 0                                           ;
;     -- qfbk mode                            ; 0                                           ;
;     -- register cascade mode                ; 0                                           ;
;     -- synchronous clear/load mode          ; 0                                           ;
;     -- asynchronous clear/load mode         ; 27                                          ;
;                                             ;                                             ;
; Total registers                             ; 37                                          ;
; I/O pins                                    ; 17                                          ;
; Maximum fan-out node                        ; dividir_clks:dividir_clks|flipflop_t:ff_1|q ;
; Maximum fan-out                             ; 12                                          ;
; Total fan-out                               ; 199                                         ;
; Average fan-out                             ; 2.43                                        ;
+---------------------------------------------+---------------------------------------------+


+----------------------------------------------------------------------------------------------------------------------------------------------------------------------------------------------------------------------------------------------------------------------------------------------------------------------+
; Analysis & Synthesis Resource Utilization by Entity                                                                                                                                                                                                                                                                  ;
+---------------------------------------------+-------------+--------------+------------+------+--------------+--------------+-------------------+------------------+-----------------+------------+-----------------------------------------------------------------------------+----------------------+--------------+
; Compilation Hierarchy Node                  ; Logic Cells ; LC Registers ; UFM Blocks ; Pins ; Virtual Pins ; LUT-Only LCs ; Register-Only LCs ; LUT/Register LCs ; Carry Chain LCs ; Packed LCs ; Full Hierarchy Name                                                         ; Entity Name          ; Library Name ;
+---------------------------------------------+-------------+--------------+------------+------+--------------+--------------+-------------------+------------------+-----------------+------------+-----------------------------------------------------------------------------+----------------------+--------------+
; |principal                                  ; 65 (0)      ; 37           ; 0          ; 17   ; 0            ; 28 (0)       ; 0 (0)             ; 37 (0)           ; 0 (0)           ; 0 (0)      ; |principal                                                                  ; principal            ; work         ;
;    |alternar_7segmentos:alternar_segmentos| ; 12 (2)      ; 0            ; 0          ; 0    ; 0            ; 12 (2)       ; 0 (0)             ; 0 (0)            ; 0 (0)           ; 0 (0)      ; |principal|alternar_7segmentos:alternar_segmentos                           ; alternar_7segmentos  ; work         ;
;       |mux2:mux_a|                          ; 3 (3)       ; 0            ; 0          ; 0    ; 0            ; 3 (3)        ; 0 (0)             ; 0 (0)            ; 0 (0)           ; 0 (0)      ; |principal|alternar_7segmentos:alternar_segmentos|mux2:mux_a                ; mux2                 ; work         ;
;       |mux2:mux_b|                          ; 1 (1)       ; 0            ; 0          ; 0    ; 0            ; 1 (1)        ; 0 (0)             ; 0 (0)            ; 0 (0)           ; 0 (0)      ; |principal|alternar_7segmentos:alternar_segmentos|mux2:mux_b                ; mux2                 ; work         ;
;       |mux2:mux_c|                          ; 3 (3)       ; 0            ; 0          ; 0    ; 0            ; 3 (3)        ; 0 (0)             ; 0 (0)            ; 0 (0)           ; 0 (0)      ; |principal|alternar_7segmentos:alternar_segmentos|mux2:mux_c                ; mux2                 ; work         ;
;       |mux2:mux_e|                          ; 1 (1)       ; 0            ; 0          ; 0    ; 0            ; 1 (1)        ; 0 (0)             ; 0 (0)            ; 0 (0)           ; 0 (0)      ; |principal|alternar_7segmentos:alternar_segmentos|mux2:mux_e                ; mux2                 ; work         ;
;       |mux2:mux_f|                          ; 1 (1)       ; 0            ; 0          ; 0    ; 0            ; 1 (1)        ; 0 (0)             ; 0 (0)            ; 0 (0)           ; 0 (0)      ; |principal|alternar_7segmentos:alternar_segmentos|mux2:mux_f                ; mux2                 ; work         ;
;       |mux2:mux_g|                          ; 1 (1)       ; 0            ; 0          ; 0    ; 0            ; 1 (1)        ; 0 (0)             ; 0 (0)            ; 0 (0)           ; 0 (0)      ; |principal|alternar_7segmentos:alternar_segmentos|mux2:mux_g                ; mux2                 ; work         ;
;    |contador_3bits:contador3bits|           ; 6 (2)       ; 3            ; 0          ; 0    ; 0            ; 3 (2)        ; 0 (0)             ; 3 (0)            ; 0 (0)           ; 0 (0)      ; |principal|contador_3bits:contador3bits                                     ; contador_3bits       ; work         ;
;       |flipflop_t:ff1|                      ; 1 (1)       ; 1            ; 0          ; 0    ; 0            ; 0 (0)        ; 0 (0)             ; 1 (1)            ; 0 (0)           ; 0 (0)      ; |principal|contador_3bits:contador3bits|flipflop_t:ff1                      ; flipflop_t           ; work         ;
;       |flipflop_t:ff2|                      ; 1 (1)       ; 1            ; 0          ; 0    ; 0            ; 0 (0)        ; 0 (0)             ; 1 (1)            ; 0 (0)           ; 0 (0)      ; |principal|contador_3bits:contador3bits|flipflop_t:ff2                      ; flipflop_t           ; work         ;
;       |flipflop_t:ff3|                      ; 2 (2)       ; 1            ; 0          ; 0    ; 0            ; 1 (1)        ; 0 (0)             ; 1 (1)            ; 0 (0)           ; 0 (0)      ; |principal|contador_3bits:contador3bits|flipflop_t:ff3                      ; flipflop_t           ; work         ;
;    |dividir_clks:dividir_clks|              ; 42 (0)      ; 34           ; 0          ; 0    ; 0            ; 8 (0)        ; 0 (0)             ; 34 (0)           ; 0 (0)           ; 0 (0)      ; |principal|dividir_clks:dividir_clks                                        ; dividir_clks         ; work         ;
;       |dividir_clk5:divisor5_1|             ; 4 (1)       ; 3            ; 0          ; 0    ; 0            ; 1 (1)        ; 0 (0)             ; 3 (0)            ; 0 (0)           ; 0 (0)      ; |principal|dividir_clks:dividir_clks|dividir_clk5:divisor5_1                ; dividir_clk5         ; work         ;
;          |flipflop_t:ff0|                   ; 1 (1)       ; 1            ; 0          ; 0    ; 0            ; 0 (0)        ; 0 (0)             ; 1 (1)            ; 0 (0)           ; 0 (0)      ; |principal|dividir_clks:dividir_clks|dividir_clk5:divisor5_1|flipflop_t:ff0 ; flipflop_t           ; work         ;
;          |flipflop_t:ff1|                   ; 1 (1)       ; 1            ; 0          ; 0    ; 0            ; 0 (0)        ; 0 (0)             ; 1 (1)            ; 0 (0)           ; 0 (0)      ; |principal|dividir_clks:dividir_clks|dividir_clk5:divisor5_1|flipflop_t:ff1 ; flipflop_t           ; work         ;
;          |flipflop_t:ff2|                   ; 1 (1)       ; 1            ; 0          ; 0    ; 0            ; 0 (0)        ; 0 (0)             ; 1 (1)            ; 0 (0)           ; 0 (0)      ; |principal|dividir_clks:dividir_clks|dividir_clk5:divisor5_1|flipflop_t:ff2 ; flipflop_t           ; work         ;
;       |dividir_clk5:divisor5_2|             ; 4 (1)       ; 3            ; 0          ; 0    ; 0            ; 1 (1)        ; 0 (0)             ; 3 (0)            ; 0 (0)           ; 0 (0)      ; |principal|dividir_clks:dividir_clks|dividir_clk5:divisor5_2                ; dividir_clk5         ; work         ;
;          |flipflop_t:ff0|                   ; 1 (1)       ; 1            ; 0          ; 0    ; 0            ; 0 (0)        ; 0 (0)             ; 1 (1)            ; 0 (0)           ; 0 (0)      ; |principal|dividir_clks:dividir_clks|dividir_clk5:divisor5_2|flipflop_t:ff0 ; flipflop_t           ; work         ;
;          |flipflop_t:ff1|                   ; 1 (1)       ; 1            ; 0          ; 0    ; 0            ; 0 (0)        ; 0 (0)             ; 1 (1)            ; 0 (0)           ; 0 (0)      ; |principal|dividir_clks:dividir_clks|dividir_clk5:divisor5_2|flipflop_t:ff1 ; flipflop_t           ; work         ;
;          |flipflop_t:ff2|                   ; 1 (1)       ; 1            ; 0          ; 0    ; 0            ; 0 (0)        ; 0 (0)             ; 1 (1)            ; 0 (0)           ; 0 (0)      ; |principal|dividir_clks:dividir_clks|dividir_clk5:divisor5_2|flipflop_t:ff2 ; flipflop_t           ; work         ;
;       |dividir_clk5:divisor5_3|             ; 4 (1)       ; 3            ; 0          ; 0    ; 0            ; 1 (1)        ; 0 (0)             ; 3 (0)            ; 0 (0)           ; 0 (0)      ; |principal|dividir_clks:dividir_clks|dividir_clk5:divisor5_3                ; dividir_clk5         ; work         ;
;          |flipflop_t:ff0|                   ; 1 (1)       ; 1            ; 0          ; 0    ; 0            ; 0 (0)        ; 0 (0)             ; 1 (1)            ; 0 (0)           ; 0 (0)      ; |principal|dividir_clks:dividir_clks|dividir_clk5:divisor5_3|flipflop_t:ff0 ; flipflop_t           ; work         ;
;          |flipflop_t:ff1|                   ; 1 (1)       ; 1            ; 0          ; 0    ; 0            ; 0 (0)        ; 0 (0)             ; 1 (1)            ; 0 (0)           ; 0 (0)      ; |principal|dividir_clks:dividir_clks|dividir_clk5:divisor5_3|flipflop_t:ff1 ; flipflop_t           ; work         ;
;          |flipflop_t:ff2|                   ; 1 (1)       ; 1            ; 0          ; 0    ; 0            ; 0 (0)        ; 0 (0)             ; 1 (1)            ; 0 (0)           ; 0 (0)      ; |principal|dividir_clks:dividir_clks|dividir_clk5:divisor5_3|flipflop_t:ff2 ; flipflop_t           ; work         ;
;       |dividir_clk5:divisor5_4|             ; 4 (1)       ; 3            ; 0          ; 0    ; 0            ; 1 (1)        ; 0 (0)             ; 3 (0)            ; 0 (0)           ; 0 (0)      ; |principal|dividir_clks:dividir_clks|dividir_clk5:divisor5_4                ; dividir_clk5         ; work         ;
;          |flipflop_t:ff0|                   ; 1 (1)       ; 1            ; 0          ; 0    ; 0            ; 0 (0)        ; 0 (0)             ; 1 (1)            ; 0 (0)           ; 0 (0)      ; |principal|dividir_clks:dividir_clks|dividir_clk5:divisor5_4|flipflop_t:ff0 ; flipflop_t           ; work         ;
;          |flipflop_t:ff1|                   ; 1 (1)       ; 1            ; 0          ; 0    ; 0            ; 0 (0)        ; 0 (0)             ; 1 (1)            ; 0 (0)           ; 0 (0)      ; |principal|dividir_clks:dividir_clks|dividir_clk5:divisor5_4|flipflop_t:ff1 ; flipflop_t           ; work         ;
;          |flipflop_t:ff2|                   ; 1 (1)       ; 1            ; 0          ; 0    ; 0            ; 0 (0)        ; 0 (0)             ; 1 (1)            ; 0 (0)           ; 0 (0)      ; |principal|dividir_clks:dividir_clks|dividir_clk5:divisor5_4|flipflop_t:ff2 ; flipflop_t           ; work         ;
;       |dividir_clk5:divisor5_5|             ; 4 (1)       ; 3            ; 0          ; 0    ; 0            ; 1 (1)        ; 0 (0)             ; 3 (0)            ; 0 (0)           ; 0 (0)      ; |principal|dividir_clks:dividir_clks|dividir_clk5:divisor5_5                ; dividir_clk5         ; work         ;
;          |flipflop_t:ff0|                   ; 1 (1)       ; 1            ; 0          ; 0    ; 0            ; 0 (0)        ; 0 (0)             ; 1 (1)            ; 0 (0)           ; 0 (0)      ; |principal|dividir_clks:dividir_clks|dividir_clk5:divisor5_5|flipflop_t:ff0 ; flipflop_t           ; work         ;
;          |flipflop_t:ff1|                   ; 1 (1)       ; 1            ; 0          ; 0    ; 0            ; 0 (0)        ; 0 (0)             ; 1 (1)            ; 0 (0)           ; 0 (0)      ; |principal|dividir_clks:dividir_clks|dividir_clk5:divisor5_5|flipflop_t:ff1 ; flipflop_t           ; work         ;
;          |flipflop_t:ff2|                   ; 1 (1)       ; 1            ; 0          ; 0    ; 0            ; 0 (0)        ; 0 (0)             ; 1 (1)            ; 0 (0)           ; 0 (0)      ; |principal|dividir_clks:dividir_clks|dividir_clk5:divisor5_5|flipflop_t:ff2 ; flipflop_t           ; work         ;
;       |dividir_clk5:divisor5_6|             ; 4 (1)       ; 3            ; 0          ; 0    ; 0            ; 1 (1)        ; 0 (0)             ; 3 (0)            ; 0 (0)           ; 0 (0)      ; |principal|dividir_clks:dividir_clks|dividir_clk5:divisor5_6                ; dividir_clk5         ; work         ;
;          |flipflop_t:ff0|                   ; 1 (1)       ; 1            ; 0          ; 0    ; 0            ; 0 (0)        ; 0 (0)             ; 1 (1)            ; 0 (0)           ; 0 (0)      ; |principal|dividir_clks:dividir_clks|dividir_clk5:divisor5_6|flipflop_t:ff0 ; flipflop_t           ; work         ;
;          |flipflop_t:ff1|                   ; 1 (1)       ; 1            ; 0          ; 0    ; 0            ; 0 (0)        ; 0 (0)             ; 1 (1)            ; 0 (0)           ; 0 (0)      ; |principal|dividir_clks:dividir_clks|dividir_clk5:divisor5_6|flipflop_t:ff1 ; flipflop_t           ; work         ;
;          |flipflop_t:ff2|                   ; 1 (1)       ; 1            ; 0          ; 0    ; 0            ; 0 (0)        ; 0 (0)             ; 1 (1)            ; 0 (0)           ; 0 (0)      ; |principal|dividir_clks:dividir_clks|dividir_clk5:divisor5_6|flipflop_t:ff2 ; flipflop_t           ; work         ;
;       |dividir_clk5:divisor5_7|             ; 4 (1)       ; 3            ; 0          ; 0    ; 0            ; 1 (1)        ; 0 (0)             ; 3 (0)            ; 0 (0)           ; 0 (0)      ; |principal|dividir_clks:dividir_clks|dividir_clk5:divisor5_7                ; dividir_clk5         ; work         ;
;          |flipflop_t:ff0|                   ; 1 (1)       ; 1            ; 0          ; 0    ; 0            ; 0 (0)        ; 0 (0)             ; 1 (1)            ; 0 (0)           ; 0 (0)      ; |principal|dividir_clks:dividir_clks|dividir_clk5:divisor5_7|flipflop_t:ff0 ; flipflop_t           ; work         ;
;          |flipflop_t:ff1|                   ; 1 (1)       ; 1            ; 0          ; 0    ; 0            ; 0 (0)        ; 0 (0)             ; 1 (1)            ; 0 (0)           ; 0 (0)      ; |principal|dividir_clks:dividir_clks|dividir_clk5:divisor5_7|flipflop_t:ff1 ; flipflop_t           ; work         ;
;          |flipflop_t:ff2|                   ; 1 (1)       ; 1            ; 0          ; 0    ; 0            ; 0 (0)        ; 0 (0)             ; 1 (1)            ; 0 (0)           ; 0 (0)      ; |principal|dividir_clks:dividir_clks|dividir_clk5:divisor5_7|flipflop_t:ff2 ; flipflop_t           ; work         ;
;       |dividir_clk5:divisor5_8|             ; 4 (1)       ; 3            ; 0          ; 0    ; 0            ; 1 (1)        ; 0 (0)             ; 3 (0)            ; 0 (0)           ; 0 (0)      ; |principal|dividir_clks:dividir_clks|dividir_clk5:divisor5_8                ; dividir_clk5         ; work         ;
;          |flipflop_t:ff0|                   ; 1 (1)       ; 1            ; 0          ; 0    ; 0            ; 0 (0)        ; 0 (0)             ; 1 (1)            ; 0 (0)           ; 0 (0)      ; |principal|dividir_clks:dividir_clks|dividir_clk5:divisor5_8|flipflop_t:ff0 ; flipflop_t           ; work         ;
;          |flipflop_t:ff1|                   ; 1 (1)       ; 1            ; 0          ; 0    ; 0            ; 0 (0)        ; 0 (0)             ; 1 (1)            ; 0 (0)           ; 0 (0)      ; |principal|dividir_clks:dividir_clks|dividir_clk5:divisor5_8|flipflop_t:ff1 ; flipflop_t           ; work         ;
;          |flipflop_t:ff2|                   ; 1 (1)       ; 1            ; 0          ; 0    ; 0            ; 0 (0)        ; 0 (0)             ; 1 (1)            ; 0 (0)           ; 0 (0)      ; |principal|dividir_clks:dividir_clks|dividir_clk5:divisor5_8|flipflop_t:ff2 ; flipflop_t           ; work         ;
;       |flipflop_t:ff_10|                    ; 1 (1)       ; 1            ; 0          ; 0    ; 0            ; 0 (0)        ; 0 (0)             ; 1 (1)            ; 0 (0)           ; 0 (0)      ; |principal|dividir_clks:dividir_clks|flipflop_t:ff_10                       ; flipflop_t           ; work         ;
;       |flipflop_t:ff_1|                     ; 1 (1)       ; 1            ; 0          ; 0    ; 0            ; 0 (0)        ; 0 (0)             ; 1 (1)            ; 0 (0)           ; 0 (0)      ; |principal|dividir_clks:dividir_clks|flipflop_t:ff_1                        ; flipflop_t           ; work         ;
;       |flipflop_t:ff_2|                     ; 1 (1)       ; 1            ; 0          ; 0    ; 0            ; 0 (0)        ; 0 (0)             ; 1 (1)            ; 0 (0)           ; 0 (0)      ; |principal|dividir_clks:dividir_clks|flipflop_t:ff_2                        ; flipflop_t           ; work         ;
;       |flipflop_t:ff_3|                     ; 1 (1)       ; 1            ; 0          ; 0    ; 0            ; 0 (0)        ; 0 (0)             ; 1 (1)            ; 0 (0)           ; 0 (0)      ; |principal|dividir_clks:dividir_clks|flipflop_t:ff_3                        ; flipflop_t           ; work         ;
;       |flipflop_t:ff_4|                     ; 1 (1)       ; 1            ; 0          ; 0    ; 0            ; 0 (0)        ; 0 (0)             ; 1 (1)            ; 0 (0)           ; 0 (0)      ; |principal|dividir_clks:dividir_clks|flipflop_t:ff_4                        ; flipflop_t           ; work         ;
;       |flipflop_t:ff_5|                     ; 1 (1)       ; 1            ; 0          ; 0    ; 0            ; 0 (0)        ; 0 (0)             ; 1 (1)            ; 0 (0)           ; 0 (0)      ; |principal|dividir_clks:dividir_clks|flipflop_t:ff_5                        ; flipflop_t           ; work         ;
;       |flipflop_t:ff_6|                     ; 1 (1)       ; 1            ; 0          ; 0    ; 0            ; 0 (0)        ; 0 (0)             ; 1 (1)            ; 0 (0)           ; 0 (0)      ; |principal|dividir_clks:dividir_clks|flipflop_t:ff_6                        ; flipflop_t           ; work         ;
;       |flipflop_t:ff_7|                     ; 1 (1)       ; 1            ; 0          ; 0    ; 0            ; 0 (0)        ; 0 (0)             ; 1 (1)            ; 0 (0)           ; 0 (0)      ; |principal|dividir_clks:dividir_clks|flipflop_t:ff_7                        ; flipflop_t           ; work         ;
;       |flipflop_t:ff_8|                     ; 1 (1)       ; 1            ; 0          ; 0    ; 0            ; 0 (0)        ; 0 (0)             ; 1 (1)            ; 0 (0)           ; 0 (0)      ; |principal|dividir_clks:dividir_clks|flipflop_t:ff_8                        ; flipflop_t           ; work         ;
;       |flipflop_t:ff_9|                     ; 1 (1)       ; 1            ; 0          ; 0    ; 0            ; 0 (0)        ; 0 (0)             ; 1 (1)            ; 0 (0)           ; 0 (0)      ; |principal|dividir_clks:dividir_clks|flipflop_t:ff_9                        ; flipflop_t           ; work         ;
;    |mux4_2:muxclk|                          ; 4 (0)       ; 0            ; 0          ; 0    ; 0            ; 4 (0)        ; 0 (0)             ; 0 (0)            ; 0 (0)           ; 0 (0)      ; |principal|mux4_2:muxclk                                                    ; mux4_2               ; work         ;
;       |mux2:mux1|                           ; 1 (1)       ; 0            ; 0          ; 0    ; 0            ; 1 (1)        ; 0 (0)             ; 0 (0)            ; 0 (0)           ; 0 (0)      ; |principal|mux4_2:muxclk|mux2:mux1                                          ; mux2                 ; work         ;
;       |mux2:mux2|                           ; 1 (1)       ; 0            ; 0          ; 0    ; 0            ; 1 (1)        ; 0 (0)             ; 0 (0)            ; 0 (0)           ; 0 (0)      ; |principal|mux4_2:muxclk|mux2:mux2                                          ; mux2                 ; work         ;
;       |mux2:mux3|                           ; 1 (1)       ; 0            ; 0          ; 0    ; 0            ; 1 (1)        ; 0 (0)             ; 0 (0)            ; 0 (0)           ; 0 (0)      ; |principal|mux4_2:muxclk|mux2:mux3                                          ; mux2                 ; work         ;
;       |mux2:mux4|                           ; 1 (1)       ; 0            ; 0          ; 0    ; 0            ; 1 (1)        ; 0 (0)             ; 0 (0)            ; 0 (0)           ; 0 (0)      ; |principal|mux4_2:muxclk|mux2:mux4                                          ; mux2                 ; work         ;
;    |sete_segmentos_passo:segmentos_passo|   ; 1 (1)       ; 0            ; 0          ; 0    ; 0            ; 1 (1)        ; 0 (0)             ; 0 (0)            ; 0 (0)           ; 0 (0)      ; |principal|sete_segmentos_passo:segmentos_passo                             ; sete_segmentos_passo ; work         ;
+---------------------------------------------+-------------+--------------+------------+------+--------------+--------------+-------------------+------------------+-----------------+------------+-----------------------------------------------------------------------------+----------------------+--------------+
Note: For table entries with two numbers listed, the numbers in parentheses indicate the number of resources of the given type used by the specific entity alone. The numbers listed outside of parentheses indicate the total resources of the given type used by the specific entity and all of its sub-entities in the hierarchy.


+------------------------------------------------------+
; General Register Statistics                          ;
+----------------------------------------------+-------+
; Statistic                                    ; Value ;
+----------------------------------------------+-------+
; Total registers                              ; 37    ;
; Number of registers using Synchronous Clear  ; 0     ;
; Number of registers using Synchronous Load   ; 0     ;
; Number of registers using Asynchronous Clear ; 27    ;
; Number of registers using Asynchronous Load  ; 2     ;
; Number of registers using Clock Enable       ; 0     ;
; Number of registers using Preset             ; 0     ;
+----------------------------------------------+-------+


+--------------------------------------------------------------------------------------------------------------------------------------------------------------------------+
; Port Connectivity Checks: "contador_3bits:contador3bits|flipflop_t:ff2"                                                                                                  ;
+--------+-------+----------+----------------------------------------------------------------------------------------------------------------------------------------------+
; Port   ; Type  ; Severity ; Details                                                                                                                                      ;
+--------+-------+----------+----------------------------------------------------------------------------------------------------------------------------------------------+
; preset ; Input ; Warning  ; Declared by entity but not connected by instance. If a default value exists, it will be used.  Otherwise, the port will be connected to GND. ;
+--------+-------+----------+----------------------------------------------------------------------------------------------------------------------------------------------+


+------------------------------------------------------------------------------------------------------------------------------------------------------------------------------------------------------------------+
; Port Connectivity Checks: "mux4_2:muxclk|mux2:mux4"                                                                                                                                                              ;
+----------+-------+----------+------------------------------------------------------------------------------------------------------------------------------------------------------------------------------------+
; Port     ; Type  ; Severity ; Details                                                                                                                                                                            ;
+----------+-------+----------+------------------------------------------------------------------------------------------------------------------------------------------------------------------------------------+
; in_a     ; Input ; Warning  ; Input port expression (32 bits) is wider than the input port (1 bits) it drives.  The 31 most-significant bit(s) in the expression will be dangling if they have no other fanouts. ;
; in_a[-1] ; Input ; Info     ; Stuck at GND                                                                                                                                                                       ;
+----------+-------+----------+------------------------------------------------------------------------------------------------------------------------------------------------------------------------------------+


+-------------------------------------------+
; Port Connectivity Checks: "mux4_2:muxclk" ;
+------+-------+----------+-----------------+
; Port ; Type  ; Severity ; Details         ;
+------+-------+----------+-----------------+
; in_d ; Input ; Info     ; Stuck at GND    ;
+------+-------+----------+-----------------+


+--------------------------------------------------------------------------------------------------------------------------------------------------------------------------+
; Port Connectivity Checks: "dividir_clks:dividir_clks|flipflop_t:ff_10"                                                                                                   ;
+--------+-------+----------+----------------------------------------------------------------------------------------------------------------------------------------------+
; Port   ; Type  ; Severity ; Details                                                                                                                                      ;
+--------+-------+----------+----------------------------------------------------------------------------------------------------------------------------------------------+
; reset  ; Input ; Warning  ; Declared by entity but not connected by instance. If a default value exists, it will be used.  Otherwise, the port will be connected to GND. ;
; preset ; Input ; Warning  ; Declared by entity but not connected by instance. If a default value exists, it will be used.  Otherwise, the port will be connected to GND. ;
+--------+-------+----------+----------------------------------------------------------------------------------------------------------------------------------------------+


+--------------------------------------------------------------------------------------------------------------------------------------------------------------------------+
; Port Connectivity Checks: "dividir_clks:dividir_clks|flipflop_t:ff_9"                                                                                                    ;
+--------+-------+----------+----------------------------------------------------------------------------------------------------------------------------------------------+
; Port   ; Type  ; Severity ; Details                                                                                                                                      ;
+--------+-------+----------+----------------------------------------------------------------------------------------------------------------------------------------------+
; reset  ; Input ; Warning  ; Declared by entity but not connected by instance. If a default value exists, it will be used.  Otherwise, the port will be connected to GND. ;
; preset ; Input ; Warning  ; Declared by entity but not connected by instance. If a default value exists, it will be used.  Otherwise, the port will be connected to GND. ;
+--------+-------+----------+----------------------------------------------------------------------------------------------------------------------------------------------+


+--------------------------------------------------------------------------------------------------------------------------------------------------------------------------+
; Port Connectivity Checks: "dividir_clks:dividir_clks|flipflop_t:ff_8"                                                                                                    ;
+--------+-------+----------+----------------------------------------------------------------------------------------------------------------------------------------------+
; Port   ; Type  ; Severity ; Details                                                                                                                                      ;
+--------+-------+----------+----------------------------------------------------------------------------------------------------------------------------------------------+
; reset  ; Input ; Warning  ; Declared by entity but not connected by instance. If a default value exists, it will be used.  Otherwise, the port will be connected to GND. ;
; preset ; Input ; Warning  ; Declared by entity but not connected by instance. If a default value exists, it will be used.  Otherwise, the port will be connected to GND. ;
+--------+-------+----------+----------------------------------------------------------------------------------------------------------------------------------------------+


+--------------------------------------------------------------------------------------------------------------------------------------------------------------------------+
; Port Connectivity Checks: "dividir_clks:dividir_clks|flipflop_t:ff_7"                                                                                                    ;
+--------+-------+----------+----------------------------------------------------------------------------------------------------------------------------------------------+
; Port   ; Type  ; Severity ; Details                                                                                                                                      ;
+--------+-------+----------+----------------------------------------------------------------------------------------------------------------------------------------------+
; reset  ; Input ; Warning  ; Declared by entity but not connected by instance. If a default value exists, it will be used.  Otherwise, the port will be connected to GND. ;
; preset ; Input ; Warning  ; Declared by entity but not connected by instance. If a default value exists, it will be used.  Otherwise, the port will be connected to GND. ;
+--------+-------+----------+----------------------------------------------------------------------------------------------------------------------------------------------+


+--------------------------------------------------------------------------------------------------------------------------------------------------------------------------+
; Port Connectivity Checks: "dividir_clks:dividir_clks|flipflop_t:ff_6"                                                                                                    ;
+--------+-------+----------+----------------------------------------------------------------------------------------------------------------------------------------------+
; Port   ; Type  ; Severity ; Details                                                                                                                                      ;
+--------+-------+----------+----------------------------------------------------------------------------------------------------------------------------------------------+
; reset  ; Input ; Warning  ; Declared by entity but not connected by instance. If a default value exists, it will be used.  Otherwise, the port will be connected to GND. ;
; preset ; Input ; Warning  ; Declared by entity but not connected by instance. If a default value exists, it will be used.  Otherwise, the port will be connected to GND. ;
+--------+-------+----------+----------------------------------------------------------------------------------------------------------------------------------------------+


+--------------------------------------------------------------------------------------------------------------------------------------------------------------------------+
; Port Connectivity Checks: "dividir_clks:dividir_clks|flipflop_t:ff_5"                                                                                                    ;
+--------+-------+----------+----------------------------------------------------------------------------------------------------------------------------------------------+
; Port   ; Type  ; Severity ; Details                                                                                                                                      ;
+--------+-------+----------+----------------------------------------------------------------------------------------------------------------------------------------------+
; reset  ; Input ; Warning  ; Declared by entity but not connected by instance. If a default value exists, it will be used.  Otherwise, the port will be connected to GND. ;
; preset ; Input ; Warning  ; Declared by entity but not connected by instance. If a default value exists, it will be used.  Otherwise, the port will be connected to GND. ;
+--------+-------+----------+----------------------------------------------------------------------------------------------------------------------------------------------+


+--------------------------------------------------------------------------------------------------------------------------------------------------------------------------+
; Port Connectivity Checks: "dividir_clks:dividir_clks|flipflop_t:ff_4"                                                                                                    ;
+--------+-------+----------+----------------------------------------------------------------------------------------------------------------------------------------------+
; Port   ; Type  ; Severity ; Details                                                                                                                                      ;
+--------+-------+----------+----------------------------------------------------------------------------------------------------------------------------------------------+
; reset  ; Input ; Warning  ; Declared by entity but not connected by instance. If a default value exists, it will be used.  Otherwise, the port will be connected to GND. ;
; preset ; Input ; Warning  ; Declared by entity but not connected by instance. If a default value exists, it will be used.  Otherwise, the port will be connected to GND. ;
+--------+-------+----------+----------------------------------------------------------------------------------------------------------------------------------------------+


+--------------------------------------------------------------------------------------------------------------------------------------------------------------------------+
; Port Connectivity Checks: "dividir_clks:dividir_clks|flipflop_t:ff_3"                                                                                                    ;
+--------+-------+----------+----------------------------------------------------------------------------------------------------------------------------------------------+
; Port   ; Type  ; Severity ; Details                                                                                                                                      ;
+--------+-------+----------+----------------------------------------------------------------------------------------------------------------------------------------------+
; reset  ; Input ; Warning  ; Declared by entity but not connected by instance. If a default value exists, it will be used.  Otherwise, the port will be connected to GND. ;
; preset ; Input ; Warning  ; Declared by entity but not connected by instance. If a default value exists, it will be used.  Otherwise, the port will be connected to GND. ;
+--------+-------+----------+----------------------------------------------------------------------------------------------------------------------------------------------+


+--------------------------------------------------------------------------------------------------------------------------------------------------------------------------+
; Port Connectivity Checks: "dividir_clks:dividir_clks|flipflop_t:ff_2"                                                                                                    ;
+--------+-------+----------+----------------------------------------------------------------------------------------------------------------------------------------------+
; Port   ; Type  ; Severity ; Details                                                                                                                                      ;
+--------+-------+----------+----------------------------------------------------------------------------------------------------------------------------------------------+
; reset  ; Input ; Warning  ; Declared by entity but not connected by instance. If a default value exists, it will be used.  Otherwise, the port will be connected to GND. ;
; preset ; Input ; Warning  ; Declared by entity but not connected by instance. If a default value exists, it will be used.  Otherwise, the port will be connected to GND. ;
+--------+-------+----------+----------------------------------------------------------------------------------------------------------------------------------------------+


+--------------------------------------------------------------------------------------------------------------------------------------------------------------------------+
; Port Connectivity Checks: "dividir_clks:dividir_clks|flipflop_t:ff_1"                                                                                                    ;
+--------+-------+----------+----------------------------------------------------------------------------------------------------------------------------------------------+
; Port   ; Type  ; Severity ; Details                                                                                                                                      ;
+--------+-------+----------+----------------------------------------------------------------------------------------------------------------------------------------------+
; reset  ; Input ; Warning  ; Declared by entity but not connected by instance. If a default value exists, it will be used.  Otherwise, the port will be connected to GND. ;
; preset ; Input ; Warning  ; Declared by entity but not connected by instance. If a default value exists, it will be used.  Otherwise, the port will be connected to GND. ;
+--------+-------+----------+----------------------------------------------------------------------------------------------------------------------------------------------+


+--------------------------------------------------------------------------------------------------------------------------------------------------------------------------+
; Port Connectivity Checks: "dividir_clks:dividir_clks|dividir_clk5:divisor5_1|flipflop_t:ff2"                                                                             ;
+--------+-------+----------+----------------------------------------------------------------------------------------------------------------------------------------------+
; Port   ; Type  ; Severity ; Details                                                                                                                                      ;
+--------+-------+----------+----------------------------------------------------------------------------------------------------------------------------------------------+
; preset ; Input ; Warning  ; Declared by entity but not connected by instance. If a default value exists, it will be used.  Otherwise, the port will be connected to GND. ;
+--------+-------+----------+----------------------------------------------------------------------------------------------------------------------------------------------+


+--------------------------------------------------------------------------------------------------------------------------------------------------------------------------+
; Port Connectivity Checks: "dividir_clks:dividir_clks|dividir_clk5:divisor5_1|flipflop_t:ff1"                                                                             ;
+--------+-------+----------+----------------------------------------------------------------------------------------------------------------------------------------------+
; Port   ; Type  ; Severity ; Details                                                                                                                                      ;
+--------+-------+----------+----------------------------------------------------------------------------------------------------------------------------------------------+
; preset ; Input ; Warning  ; Declared by entity but not connected by instance. If a default value exists, it will be used.  Otherwise, the port will be connected to GND. ;
+--------+-------+----------+----------------------------------------------------------------------------------------------------------------------------------------------+


+--------------------------------------------------------------------------------------------------------------------------------------------------------------------------+
; Port Connectivity Checks: "dividir_clks:dividir_clks|dividir_clk5:divisor5_1|flipflop_t:ff0"                                                                             ;
+--------+-------+----------+----------------------------------------------------------------------------------------------------------------------------------------------+
; Port   ; Type  ; Severity ; Details                                                                                                                                      ;
+--------+-------+----------+----------------------------------------------------------------------------------------------------------------------------------------------+
; preset ; Input ; Warning  ; Declared by entity but not connected by instance. If a default value exists, it will be used.  Otherwise, the port will be connected to GND. ;
+--------+-------+----------+----------------------------------------------------------------------------------------------------------------------------------------------+


+-------------------------------+
; Analysis & Synthesis Messages ;
+-------------------------------+
Info: *******************************************************************
Info: Running Quartus Prime Analysis & Synthesis
    Info: Version 20.1.0 Build 711 06/05/2020 SJ Lite Edition
    Info: Processing started: Fri Nov 01 20:36:17 2024
Info: Command: quartus_map --read_settings_files=on --write_settings_files=off pbl_cachorro_robotico -c pbl_cachorro_robotico
Warning (18236): Number of processors has not been specified which may cause overloading on shared machines.  Set the global assignment NUM_PARALLEL_PROCESSORS in your QSF to an appropriate value for best performance.
Info (20030): Parallel compilation is enabled and will use 12 of the 12 processors detected
Info (12021): Found 1 design units, including 1 entities, in source file /users/antonio/onedrive/documentos/universidade/pbl/hardware/cd/pblfinal/cachorro5.0/codigos/dividir_clks.v
    Info (12023): Found entity 1: dividir_clks File: C:/Users/Antonio/OneDrive/Documentos/universidade/PBL/hardware/CD/pblfinal/cachorro5.0/codigos/dividir_clks.v Line: 3
Info (12021): Found 1 design units, including 1 entities, in source file /users/antonio/onedrive/documentos/universidade/pbl/hardware/cd/pblfinal/cachorro5.0/codigos/sete_segmentos_passo.v
    Info (12023): Found entity 1: sete_segmentos_passo File: C:/Users/Antonio/OneDrive/Documentos/universidade/PBL/hardware/CD/pblfinal/cachorro5.0/codigos/sete_segmentos_passo.v Line: 4
Info (12021): Found 1 design units, including 1 entities, in source file /users/antonio/onedrive/documentos/universidade/pbl/hardware/cd/pblfinal/cachorro5.0/codigos/mux4_2.v
    Info (12023): Found entity 1: mux4_2 File: C:/Users/Antonio/OneDrive/Documentos/universidade/PBL/hardware/CD/pblfinal/cachorro5.0/codigos/mux4_2.v Line: 9
Warning (10463): Verilog HDL Declaration warning at mux2.v(3): "bit" is SystemVerilog-2005 keyword File: C:/Users/Antonio/OneDrive/Documentos/universidade/PBL/hardware/CD/pblfinal/cachorro5.0/codigos/mux2.v Line: 3
Info (12021): Found 1 design units, including 1 entities, in source file /users/antonio/onedrive/documentos/universidade/pbl/hardware/cd/pblfinal/cachorro5.0/codigos/mux2.v
    Info (12023): Found entity 1: mux2 File: C:/Users/Antonio/OneDrive/Documentos/universidade/PBL/hardware/CD/pblfinal/cachorro5.0/codigos/mux2.v Line: 2
Info (12021): Found 1 design units, including 1 entities, in source file /users/antonio/onedrive/documentos/universidade/pbl/hardware/cd/pblfinal/cachorro5.0/codigos/dividir_clk5.v
    Info (12023): Found entity 1: dividir_clk5 File: C:/Users/Antonio/OneDrive/Documentos/universidade/PBL/hardware/CD/pblfinal/cachorro5.0/codigos/dividir_clk5.v Line: 3
Info (12021): Found 1 design units, including 1 entities, in source file /users/antonio/onedrive/documentos/universidade/pbl/hardware/cd/pblfinal/cachorro5.0/codigos/sete_segmentos_velocidade.v
    Info (12023): Found entity 1: sete_segmentos_velocidade File: C:/Users/Antonio/OneDrive/Documentos/universidade/PBL/hardware/CD/pblfinal/cachorro5.0/codigos/sete_segmentos_velocidade.v Line: 3
Info (12021): Found 1 design units, including 1 entities, in source file /users/antonio/onedrive/documentos/universidade/pbl/hardware/cd/pblfinal/cachorro5.0/codigos/alternar_7segmentos.v
    Info (12023): Found entity 1: alternar_7segmentos File: C:/Users/Antonio/OneDrive/Documentos/universidade/PBL/hardware/CD/pblfinal/cachorro5.0/codigos/alternar_7segmentos.v Line: 4
Info (12021): Found 1 design units, including 1 entities, in source file /users/antonio/onedrive/documentos/universidade/pbl/hardware/cd/pblfinal/cachorro5.0/codigos/flipflop_t.v
    Info (12023): Found entity 1: flipflop_t File: C:/Users/Antonio/OneDrive/Documentos/universidade/PBL/hardware/CD/pblfinal/cachorro5.0/codigos/flipflop_t.v Line: 3
Info (12021): Found 1 design units, including 1 entities, in source file /users/antonio/onedrive/documentos/universidade/pbl/hardware/cd/pblfinal/cachorro5.0/codigos/principal.v
    Info (12023): Found entity 1: principal File: C:/Users/Antonio/OneDrive/Documentos/universidade/PBL/hardware/CD/pblfinal/cachorro5.0/codigos/principal.v Line: 1
Warning (10275): Verilog HDL Module Instantiation warning at contador_3bits.v(26): ignored dangling comma in List of Port Connections File: C:/Users/Antonio/OneDrive/Documentos/universidade/PBL/hardware/CD/pblfinal/cachorro5.0/codigos/contador_3bits.v Line: 26
Warning (10275): Verilog HDL Module Instantiation warning at contador_3bits.v(32): ignored dangling comma in List of Port Connections File: C:/Users/Antonio/OneDrive/Documentos/universidade/PBL/hardware/CD/pblfinal/cachorro5.0/codigos/contador_3bits.v Line: 32
Info (12021): Found 1 design units, including 1 entities, in source file /users/antonio/onedrive/documentos/universidade/pbl/hardware/cd/pblfinal/cachorro5.0/codigos/contador_3bits.v
    Info (12023): Found entity 1: contador_3bits File: C:/Users/Antonio/OneDrive/Documentos/universidade/PBL/hardware/CD/pblfinal/cachorro5.0/codigos/contador_3bits.v Line: 4
Info (12021): Found 1 design units, including 1 entities, in source file /users/antonio/onedrive/documentos/universidade/pbl/hardware/cd/pblfinal/cachorro5.0/codigos/pbl_cachorro_robotico.v
    Info (12023): Found entity 1: flip_flop_d File: C:/Users/Antonio/OneDrive/Documentos/universidade/PBL/hardware/CD/pblfinal/cachorro5.0/codigos/pbl_cachorro_robotico.v Line: 1
Warning (10236): Verilog HDL Implicit Net warning at contador_3bits.v(19): created implicit net for "reseta1e3" File: C:/Users/Antonio/OneDrive/Documentos/universidade/PBL/hardware/CD/pblfinal/cachorro5.0/codigos/contador_3bits.v Line: 19
Info (12127): Elaborating entity "principal" for the top level hierarchy
Warning (10739): Verilog HDL warning at principal.v(91): actual bit length 32 differs from formal bit length 1 File: C:/Users/Antonio/OneDrive/Documentos/universidade/PBL/hardware/CD/pblfinal/cachorro5.0/codigos/principal.v Line: 91
Warning (10739): Verilog HDL warning at principal.v(94): actual bit length 32 differs from formal bit length 1 File: C:/Users/Antonio/OneDrive/Documentos/universidade/PBL/hardware/CD/pblfinal/cachorro5.0/codigos/principal.v Line: 94
Info (12128): Elaborating entity "dividir_clks" for hierarchy "dividir_clks:dividir_clks" File: C:/Users/Antonio/OneDrive/Documentos/universidade/PBL/hardware/CD/pblfinal/cachorro5.0/codigos/principal.v Line: 22
Info (12128): Elaborating entity "dividir_clk5" for hierarchy "dividir_clks:dividir_clks|dividir_clk5:divisor5_1" File: C:/Users/Antonio/OneDrive/Documentos/universidade/PBL/hardware/CD/pblfinal/cachorro5.0/codigos/dividir_clks.v Line: 32
Info (12128): Elaborating entity "flipflop_t" for hierarchy "dividir_clks:dividir_clks|dividir_clk5:divisor5_1|flipflop_t:ff0" File: C:/Users/Antonio/OneDrive/Documentos/universidade/PBL/hardware/CD/pblfinal/cachorro5.0/codigos/dividir_clk5.v Line: 15
Info (12128): Elaborating entity "mux4_2" for hierarchy "mux4_2:muxclk" File: C:/Users/Antonio/OneDrive/Documentos/universidade/PBL/hardware/CD/pblfinal/cachorro5.0/codigos/principal.v Line: 35
Info (12128): Elaborating entity "mux2" for hierarchy "mux4_2:muxclk|mux2:mux1" File: C:/Users/Antonio/OneDrive/Documentos/universidade/PBL/hardware/CD/pblfinal/cachorro5.0/codigos/mux4_2.v Line: 21
Info (12128): Elaborating entity "contador_3bits" for hierarchy "contador_3bits:contador3bits" File: C:/Users/Antonio/OneDrive/Documentos/universidade/PBL/hardware/CD/pblfinal/cachorro5.0/codigos/principal.v Line: 45
Info (12128): Elaborating entity "sete_segmentos_passo" for hierarchy "sete_segmentos_passo:segmentos_passo" File: C:/Users/Antonio/OneDrive/Documentos/universidade/PBL/hardware/CD/pblfinal/cachorro5.0/codigos/principal.v Line: 61
Info (12128): Elaborating entity "sete_segmentos_velocidade" for hierarchy "sete_segmentos_velocidade:segmentos_velocidade" File: C:/Users/Antonio/OneDrive/Documentos/universidade/PBL/hardware/CD/pblfinal/cachorro5.0/codigos/principal.v Line: 76
Info (12128): Elaborating entity "alternar_7segmentos" for hierarchy "alternar_7segmentos:alternar_segmentos" File: C:/Users/Antonio/OneDrive/Documentos/universidade/PBL/hardware/CD/pblfinal/cachorro5.0/codigos/principal.v Line: 88
Warning (19016): Clock multiplexers are found and protected
    Warning (19017): Found clock multiplexer mux4_2:muxclk|mux2:mux3|or1~0 File: C:/Users/Antonio/OneDrive/Documentos/universidade/PBL/hardware/CD/pblfinal/cachorro5.0/codigos/mux2.v Line: 12
    Warning (19017): Found clock multiplexer mux4_2:muxclk|mux2:mux1|or1~0 File: C:/Users/Antonio/OneDrive/Documentos/universidade/PBL/hardware/CD/pblfinal/cachorro5.0/codigos/mux2.v Line: 12
Warning (12241): 15 hierarchies have connectivity warnings - see the Connectivity Checks report folder
Warning (13024): Output pins are stuck at VCC or GND
    Warning (13410): Pin "display1" is stuck at VCC File: C:/Users/Antonio/OneDrive/Documentos/universidade/PBL/hardware/CD/pblfinal/cachorro5.0/codigos/principal.v Line: 3
    Warning (13410): Pin "display4" is stuck at VCC File: C:/Users/Antonio/OneDrive/Documentos/universidade/PBL/hardware/CD/pblfinal/cachorro5.0/codigos/principal.v Line: 3
Info (21057): Implemented 82 device resources after synthesis - the final resource count might be different
    Info (21058): Implemented 5 input pins
    Info (21059): Implemented 12 output pins
    Info (21061): Implemented 65 logic cells
Info: Quartus Prime Analysis & Synthesis was successful. 0 errors, 14 warnings
    Info: Peak virtual memory: 4703 megabytes
    Info: Processing ended: Fri Nov 01 20:36:28 2024
    Info: Elapsed time: 00:00:11
    Info: Total CPU time (on all processors): 00:00:34


