Flow report for pbl_cachorro_robotico
Fri Nov 01 20:36:39 2024
Quartus Prime Version 20.1.0 Build 711 06/05/2020 SJ Lite Edition


---------------------
; Table of Contents ;
---------------------
  1. Legal Notice
  2. Flow Summary
  3. Flow Settings
  4. Flow Non-Default Global Settings
  5. Flow Elapsed Time
  6. Flow OS Summary
  7. Flow Log
  8. Flow Messages
  9. Flow Suppressed Messages



----------------
; Legal Notice ;
----------------
Copyright (C) 2020  Intel Corporation. All rights reserved.
Your use of Intel Corporation's design tools, logic functions 
and other software and tools, and any partner logic 
functions, and any output files from any of the foregoing 
(including device programming or simulation files), and any 
associated documentation or information are expressly subject 
to the terms and conditions of the Intel Program License 
Subscription Agreement, the Intel Quartus Prime License Agreement,
the Intel FPGA IP License Agreement, or other applicable license
agreement, including, without limitation, that your use is for
the sole purpose of programming logic devices manufactured by
Intel and sold by Intel or its authorized distributors.  Please
refer to the applicable agreement for further details, at
https://fpgasoftware.intel.com/eula.



+---------------------------------------------------------------------+
; Flow Summary                                                        ;
+-----------------------+---------------------------------------------+
; Flow Status           ; Successful - Fri Nov 01 20:36:35 2024       ;
; Quartus Prime Version ; 20.1.0 Build 711 06/05/2020 SJ Lite Edition ;
; Revision Name         ; pbl_cachorro_robotico                       ;
; Top-level Entity Name ; principal                                   ;
; Family                ; MAX II                                      ;
; Device                ; EPM240T100C5                                ;
; Timing Models         ; Final                                       ;
; Total logic elements  ; 65 / 240 ( 27 % )                           ;
; Total pins            ; 17 / 80 ( 21 % )                            ;
; Total virtual pins    ; 0                                           ;
; UFM blocks            ; 0 / 1 ( 0 % )                               ;
+-----------------------+---------------------------------------------+


+-------------------------------------------+
; Flow Settings                             ;
+-------------------+-----------------------+
; Option            ; Setting               ;
+-------------------+-----------------------+
; Start date & time ; 11/01/2024 20:36:18   ;
; Main task         ; Compilation           ;
; Revision Name     ; pbl_cachorro_robotico ;
+-------------------+-----------------------+


+---------------------------------------------------------------------------------------------------------------------------+
; Flow Non-Default Global Settings                                                                                          ;
+---------------------------------------+--------------------------------+-----------------------+-------------+------------+
; Assignment Name                       ; Value                          ; Default Value         ; Entity Name ; Section Id ;
+---------------------------------------+--------------------------------+-----------------------+-------------+------------+
; COMPILER_SIGNATURE_ID                 ; 11960140968039.173050417801248 ; --                    ; --          ; --         ;
; MAX_CORE_JUNCTION_TEMP                ; 85                             ; --                    ; --          ; --         ;
; MIN_CORE_JUNCTION_TEMP                ; 0                              ; --                    ; --          ; --         ;
; POWER_EXT_SUPPLY_VOLTAGE_TO_REGULATOR ; 3.3V                           ; --                    ; --          ; --         ;
; POWER_PRESET_COOLING_SOLUTION         ; No Heat Sink With Still Air    ; --                    ; --          ; --         ;
; PROJECT_OUTPUT_DIRECTORY              ; output_files                   ; --                    ; --          ; --         ;
; TOP_LEVEL_ENTITY                      ; principal                      ; pbl_cachorro_robotico ; --          ; --         ;
+---------------------------------------+--------------------------------+-----------------------+-------------+------------+


+--------------------------------------------------------------------------------------------------------------------------+
; Flow Elapsed Time                                                                                                        ;
+----------------------+--------------+-------------------------+---------------------+------------------------------------+
; Module Name          ; Elapsed Time ; Average Processors Used ; Peak Virtual Memory ; Total CPU Time (on all processors) ;
+----------------------+--------------+-------------------------+---------------------+------------------------------------+
; Analysis & Synthesis ; 00:00:11     ; 1.0                     ; 4703 MB             ; 00:00:34                           ;
; Fitter               ; 00:00:03     ; 1.4                     ; 5938 MB             ; 00:00:14                           ;
; Assembler            ; 00:00:01     ; 1.0                     ; 4664 MB             ; 00:00:01                           ;
; Timing Analyzer      ; 00:00:03     ; 1.0                     ; 4718 MB             ; 00:00:02                           ;
; Total                ; 00:00:18     ; --                      ; --                  ; 00:00:51                           ;
+----------------------+--------------+-------------------------+---------------------+------------------------------------+


+------------------------------------------------------------------------------------+
; Flow OS Summary                                                                    ;
+----------------------+------------------+------------+------------+----------------+
; Module Name          ; Machine Hostname ; OS Name    ; OS Version ; Processor type ;
+----------------------+------------------+------------+------------+----------------+
; Analysis & Synthesis ; DESKTOP-7G8I0MO  ; Windows 10 ; 10.0       ; x86_64         ;
; Fitter               ; DESKTOP-7G8I0MO  ; Windows 10 ; 10.0       ; x86_64         ;
; Assembler            ; DESKTOP-7G8I0MO  ; Windows 10 ; 10.0       ; x86_64         ;
; Timing Analyzer      ; DESKTOP-7G8I0MO  ; Windows 10 ; 10.0       ; x86_64         ;
+----------------------+------------------+------------+------------+----------------+


------------
; Flow Log ;
------------
quartus_map --read_settings_files=on --write_settings_files=off pbl_cachorro_robotico -c pbl_cachorro_robotico
quartus_fit --read_settings_files=off --write_settings_files=off pbl_cachorro_robotico -c pbl_cachorro_robotico
quartus_asm --read_settings_files=off --write_settings_files=off pbl_cachorro_robotico -c pbl_cachorro_robotico
quartus_sta pbl_cachorro_robotico -c pbl_cachorro_robotico



